# JRE version: OpenJDK Runtime Environment Microsoft-11926163 (17.0.16+8) (build 17.0.16+8-LTS)
# Java VM: OpenJDK 64-Bit Server VM Microsoft-11926163 (17.0.16+8-LTS, mixed mode, sharing, tiered, compressed oops, compressed class ptrs, g1 gc, windows-amd64)
GC Precious Log:
 CPUs: 8 total, 8 available
 Memory: 8021M
 Large Page Support: Disabled
 NUMA Support: Disabled
 Compressed Oops: Enabled (32-bit)
 Heap Region Size: 1M
 Heap Min Capacity: 8M
 Heap Initial Capacity: 126M
 Heap Max Capacity: 2G
 Pre-touch: Disabled
 Parallel Workers: 8
 Concurrent Workers: 2
 Concurrent Refinement Workers: 8
 Periodic GC: Disabled
Heap:
 garbage-first heap   total 301056K, used 238290K [0x0000000080000000, 0x0000000100000000)
  region size 1024K, 95 young (97280K), 13 survivors (13312K)
 Metaspace       used 97635K, committed 98816K, reserved 557056K
  class space    used 13788K, committed 14336K, reserved 425984K
GC Heap History (20 events):
Event: 39.204 GC heap after
{Heap after GC invocations=44 (full 0):
 garbage-first heap   total 168960K, used 97617K [0x0000000080000000, 0x0000000100000000)
  region size 1024K, 1 young (1024K), 1 survivors (1024K)
 Metaspace       used 72177K, committed 73024K, reserved 491520K
  class space    used 10207K, committed 10624K, reserved 425984K
}
Event: 39.451 GC heap before
{Heap before GC invocations=44 (full 0):
 garbage-first heap   total 168960K, used 126289K [0x0000000080000000, 0x0000000100000000)
  region size 1024K, 30 young (30720K), 1 survivors (1024K)
 Metaspace       used 74735K, committed 75648K, reserved 491520K
  class space    used 10470K, committed 10880K, reserved 425984K
}
Event: 39.454 GC heap after
{Heap after GC invocations=45 (full 0):
 garbage-first heap   total 168960K, used 98490K [0x0000000080000000, 0x0000000100000000)
  region size 1024K, 2 young (2048K), 2 survivors (2048K)
 Metaspace       used 74735K, committed 75648K, reserved 491520K
  class space    used 10470K, committed 10880K, reserved 425984K
}
Event: 39.528 GC heap before
{Heap before GC invocations=45 (full 0):
 garbage-first heap   total 168960K, used 106682K [0x0000000080000000, 0x0000000100000000)
  region size 1024K, 11 young (11264K), 2 survivors (2048K)
 Metaspace       used 75168K, committed 76096K, reserved 557056K
  class space    used 10531K, committed 10944K, reserved 425984K
}
Event: 39.531 GC heap after
{Heap after GC invocations=46 (full 0):
 garbage-first heap   total 168960K, used 99992K [0x0000000080000000, 0x0000000100000000)
  region size 1024K, 3 young (3072K), 3 survivors (3072K)
 Metaspace       used 75168K, committed 76096K, reserved 557056K
  class space    used 10531K, committed 10944K, reserved 425984K
}
Event: 39.837 GC heap before
{Heap before GC invocations=47 (full 0):
 garbage-first heap   total 198656K, used 136856K [0x0000000080000000, 0x0000000100000000)
  region size 1024K, 34 young (34816K), 3 survivors (3072K)
 Metaspace       used 76612K, committed 77504K, reserved 557056K
  class space    used 10737K, committed 11136K, reserved 425984K
}
Event: 39.841 GC heap after
{Heap after GC invocations=48 (full 0):
 garbage-first heap   total 198656K, used 103731K [0x0000000080000000, 0x0000000100000000)
  region size 1024K, 5 young (5120K), 5 survivors (5120K)
 Metaspace       used 76612K, committed 77504K, reserved 557056K
  class space    used 10737K, committed 11136K, reserved 425984K
}
Event: 39.876 GC heap before
{Heap before GC invocations=48 (full 0):
 garbage-first heap   total 198656K, used 107827K [0x0000000080000000, 0x0000000100000000)
  region size 1024K, 9 young (9216K), 5 survivors (5120K)
 Metaspace       used 76868K, committed 77760K, reserved 557056K
  class space    used 10775K, committed 11200K, reserved 425984K
}
Event: 39.880 GC heap after
{Heap after GC invocations=49 (full 0):
 garbage-first heap   total 198656K, used 104297K [0x0000000080000000, 0x0000000100000000)
  region size 1024K, 1 young (1024K), 1 survivors (1024K)
 Metaspace       used 76868K, committed 77760K, reserved 557056K
  class space    used 10775K, committed 11200K, reserved 425984K
}
Event: 40.467 GC heap before
{Heap before GC invocations=49 (full 0):
 garbage-first heap   total 198656K, used 154473K [0x0000000080000000, 0x0000000100000000)
  region size 1024K, 44 young (45056K), 1 survivors (1024K)
 Metaspace       used 79805K, committed 80704K, reserved 557056K
  class space    used 11178K, committed 11584K, reserved 425984K
}
Event: 40.470 GC heap after
{Heap after GC invocations=50 (full 0):
 garbage-first heap   total 301056K, used 112232K [0x0000000080000000, 0x0000000100000000)
  region size 1024K, 3 young (3072K), 3 survivors (3072K)
 Metaspace       used 79805K, committed 80704K, reserved 557056K
  class space    used 11178K, committed 11584K, reserved 425984K
}
Event: 46.823 GC heap before
{Heap before GC invocations=50 (full 0):
 garbage-first heap   total 301056K, used 207464K [0x0000000080000000, 0x0000000100000000)
  region size 1024K, 96 young (98304K), 3 survivors (3072K)
 Metaspace       used 83451K, committed 84352K, reserved 557056K
  class space    used 11684K, committed 12096K, reserved 425984K
}
Event: 46.832 GC heap after
{Heap after GC invocations=51 (full 0):
 garbage-first heap   total 301056K, used 118205K [0x0000000080000000, 0x0000000100000000)
  region size 1024K, 9 young (9216K), 9 survivors (9216K)
 Metaspace       used 83451K, committed 84352K, reserved 557056K
  class space    used 11684K, committed 12096K, reserved 425984K
}
Event: 48.351 GC heap before
{Heap before GC invocations=51 (full 0):
 garbage-first heap   total 301056K, used 228797K [0x0000000080000000, 0x0000000100000000)
  region size 1024K, 117 young (119808K), 9 survivors (9216K)
 Metaspace       used 90484K, committed 91392K, reserved 557056K
  class space    used 12819K, committed 13248K, reserved 425984K
}
Event: 48.359 GC heap after
{Heap after GC invocations=52 (full 0):
 garbage-first heap   total 301056K, used 122236K [0x0000000080000000, 0x0000000100000000)
  region size 1024K, 10 young (10240K), 10 survivors (10240K)
 Metaspace       used 90484K, committed 91392K, reserved 557056K
  class space    used 12819K, committed 13248K, reserved 425984K
}
Event: 51.237 GC heap before
{Heap before GC invocations=52 (full 0):
 garbage-first heap   total 301056K, used 231804K [0x0000000080000000, 0x0000000100000000)
  region size 1024K, 118 young (120832K), 10 survivors (10240K)
 Metaspace       used 94664K, committed 95680K, reserved 557056K
  class space    used 13411K, committed 13888K, reserved 425984K
}
Event: 51.254 GC heap after
{Heap after GC invocations=53 (full 0):
 garbage-first heap   total 301056K, used 131870K [0x0000000080000000, 0x0000000100000000)
  region size 1024K, 14 young (14336K), 14 survivors (14336K)
 Metaspace       used 94664K, committed 95680K, reserved 557056K
  class space    used 13411K, committed 13888K, reserved 425984K
}
Event: 53.562 GC heap before
{Heap before GC invocations=53 (full 0):
 garbage-first heap   total 301056K, used 240414K [0x0000000080000000, 0x0000000100000000)
  region size 1024K, 117 young (119808K), 14 survivors (14336K)
 Metaspace       used 95916K, committed 96960K, reserved 557056K
  class space    used 13538K, committed 14016K, reserved 425984K
}
Event: 53.581 GC heap after
{Heap after GC invocations=54 (full 0):
 garbage-first heap   total 301056K, used 151250K [0x0000000080000000, 0x0000000100000000)
  region size 1024K, 15 young (15360K), 15 survivors (15360K)
 Metaspace       used 95916K, committed 96960K, reserved 557056K
  class space    used 13538K, committed 14016K, reserved 425984K
}
Event: 54.854 GC heap before
{Heap before GC invocations=54 (full 0):
 garbage-first heap   total 301056K, used 238290K [0x0000000080000000, 0x0000000100000000)
  region size 1024K, 97 young (99328K), 15 survivors (15360K)
 Metaspace       used 97635K, committed 98816K, reserved 557056K
  class space    used 13788K, committed 14336K, reserved 425984K
}

